
SQL*Loader: Release 19.0.0.0.0 - Production on Sun May 22 20:12:20 2022
Version 19.3.0.0.0

Copyright (c) 1982, 2019, Oracle and/or its affiliates.  All rights reserved.

Control File:   loadPC.ctr
Data File:      PC.csv
  Bad File:     pc.bad
  Discard File:  none specified
 
 (Allow all discards)

Number to load: ALL
Number to skip: 0
Errors allowed: 50
Bind array:     250 rows, maximum of 1048576 bytes
Continuation:    none specified
Path used:      Conventional

Table PC, loaded from every logical record.
Insert option in effect for this table: APPEND

   Column Name                  Position   Len  Term Encl Datatype
------------------------------ ---------- ----- ---- ---- ---------------------
MODEL                               FIRST     *   ,       CHARACTER            
SPEED                                NEXT     *   ,       CHARACTER            
RAM                                  NEXT     *   ,       CHARACTER            
HD                                   NEXT     *   ,       CHARACTER            
PRICE                                NEXT     *   ,       CHARACTER            


Table PC:
  13 Rows successfully loaded.
  0 Rows not loaded due to data errors.
  0 Rows not loaded because all WHEN clauses were failed.
  0 Rows not loaded because all fields were null.


Space allocated for bind array:                 322500 bytes(250 rows)
Read   buffer bytes: 1048576

Total logical records skipped:          0
Total logical records read:            13
Total logical records rejected:         0
Total logical records discarded:        0

Run began on Sun May 22 20:12:20 2022
Run ended on Sun May 22 20:12:21 2022

Elapsed time was:     00:00:01.03
CPU time was:         00:00:00.09
