
SQL*Loader: Release 19.0.0.0.0 - Production on Sun May 22 20:13:08 2022
Version 19.3.0.0.0

Copyright (c) 1982, 2019, Oracle and/or its affiliates.  All rights reserved.

Control File:   loadProduct.ctr
Data File:      Product.csv
  Bad File:     product.bad
  Discard File:  none specified
 
 (Allow all discards)

Number to load: ALL
Number to skip: 0
Errors allowed: 50
Bind array:     250 rows, maximum of 1048576 bytes
Continuation:    none specified
Path used:      Conventional

Table PRODUCT, loaded from every logical record.
Insert option in effect for this table: APPEND

   Column Name                  Position   Len  Term Encl Datatype
------------------------------ ---------- ----- ---- ---- ---------------------
MAKER                               FIRST     *   ,       CHARACTER            
MODEL                                NEXT     *   ,       CHARACTER            
TYPE                                 NEXT     *   ,       CHARACTER            

Record 1: Rejected - Error on table PRODUCT, column MODEL.
ORA-01722: invalid number


Table PRODUCT:
  30 Rows successfully loaded.
  1 Row not loaded due to data errors.
  0 Rows not loaded because all WHEN clauses were failed.
  0 Rows not loaded because all fields were null.


Space allocated for bind array:                 193500 bytes(250 rows)
Read   buffer bytes: 1048576

Total logical records skipped:          0
Total logical records read:            31
Total logical records rejected:         1
Total logical records discarded:        0

Run began on Sun May 22 20:13:08 2022
Run ended on Sun May 22 20:13:08 2022

Elapsed time was:     00:00:00.15
CPU time was:         00:00:00.07
