
SQL*Loader: Release 19.0.0.0.0 - Production on Sun May 22 20:24:43 2022
Version 19.3.0.0.0

Copyright (c) 1982, 2019, Oracle and/or its affiliates.  All rights reserved.

Control File:   loadMovieExec.ctr
Data File:      movieExec.csv
  Bad File:     movieExec.bad
  Discard File:  none specified
 
 (Allow all discards)

Number to load: ALL
Number to skip: 0
Errors allowed: 50
Bind array:     250 rows, maximum of 1048576 bytes
Continuation:    none specified
Path used:      Conventional

Table MOVIEEXEC, loaded from every logical record.
Insert option in effect for this table: INSERT

   Column Name                  Position   Len  Term Encl Datatype
------------------------------ ---------- ----- ---- ---- ---------------------
NAME                                FIRST     *   ,  O(") CHARACTER            
CERTNO                               NEXT     *   ,  O(") CHARACTER            
ADDRESS                              NEXT     *   ,  O(") CHARACTER            
WEALTH                               NEXT     *   ,  O(") CHARACTER            

Record 1: Rejected - Error on table MOVIEEXEC, column CERTNO.
ORA-01722: invalid number

Record 60: Rejected - Error on table MOVIEEXEC, column NAME.
ORA-12899: value too large for column "C##MOVIE"."MOVIEEXEC"."NAME" (actual: 33, maximum: 30)

Record 74: Rejected - Error on table MOVIEEXEC, column NAME.
ORA-12899: value too large for column "C##MOVIE"."MOVIEEXEC"."NAME" (actual: 31, maximum: 30)

Record 95: Rejected - Error on table MOVIEEXEC, column NAME.
ORA-12899: value too large for column "C##MOVIE"."MOVIEEXEC"."NAME" (actual: 31, maximum: 30)

Record 111: Rejected - Error on table MOVIEEXEC, column NAME.
ORA-12899: value too large for column "C##MOVIE"."MOVIEEXEC"."NAME" (actual: 31, maximum: 30)

Record 134: Rejected - Error on table MOVIEEXEC, column NAME.
ORA-12899: value too large for column "C##MOVIE"."MOVIEEXEC"."NAME" (actual: 31, maximum: 30)

Record 156: Rejected - Error on table MOVIEEXEC, column NAME.
ORA-12899: value too large for column "C##MOVIE"."MOVIEEXEC"."NAME" (actual: 31, maximum: 30)

Record 195: Rejected - Error on table MOVIEEXEC, column NAME.
ORA-12899: value too large for column "C##MOVIE"."MOVIEEXEC"."NAME" (actual: 32, maximum: 30)

Record 456: Rejected - Error on table MOVIEEXEC, column NAME.
ORA-12899: value too large for column "C##MOVIE"."MOVIEEXEC"."NAME" (actual: 32, maximum: 30)

Record 617: Discarded - all columns null.
Record 574: Rejected - Error on table MOVIEEXEC, column NAME.
ORA-12899: value too large for column "C##MOVIE"."MOVIEEXEC"."NAME" (actual: 32, maximum: 30)

Record 614: Rejected - Error on table MOVIEEXEC, column NAME.
ORA-12899: value too large for column "C##MOVIE"."MOVIEEXEC"."NAME" (actual: 31, maximum: 30)


Table MOVIEEXEC:
  605 Rows successfully loaded.
  11 Rows not loaded due to data errors.
  0 Rows not loaded because all WHEN clauses were failed.
  1 Row not loaded because all fields were null.


Space allocated for bind array:                 258000 bytes(250 rows)
Read   buffer bytes: 1048576

Total logical records skipped:          0
Total logical records read:           617
Total logical records rejected:        11
Total logical records discarded:        1

Run began on Sun May 22 20:24:43 2022
Run ended on Sun May 22 20:24:43 2022

Elapsed time was:     00:00:00.23
CPU time was:         00:00:00.11
